<?xml version="1.0" encoding="UTF-8"?>
<!-- Generated by org.testng.reporters.JUnitReportReporter -->
<testsuite hostname="DESKTOP-S5GFN4V" failures="0" tests="1" name="test.LoginTest" time="4.782" errors="0" timestamp="2021-08-17T20:27:16 EDT" skipped="0">
  <testcase classname="test.LoginTest" name="validUserShouldBeAbleToLogin" time="4.782"/>
  <system-out/>
</testsuite> <!-- test.LoginTest -->
