<?xml version="1.0" encoding="UTF-8"?>
<!-- Generated by org.testng.reporters.JUnitReportReporter -->
<testsuite hostname="DESKTOP-S5GFN4V" failures="0" tests="1" name="test.AddCustomerTest" time="6.467" errors="0" timestamp="2021-08-17T20:25:04 EDT" skipped="0">
  <testcase classname="test.AddCustomerTest" name="validUserShouldBeAbleToCreateCustomer" time="6.467"/>
  <system-out/>
</testsuite> <!-- test.AddCustomerTest -->
