<?xml version="1.0" encoding="UTF-8"?>
<!-- Generated by org.testng.reporters.JUnitReportReporter -->
<testsuite hostname="DESKTOP-S5GFN4V" failures="0" tests="1" name="util.BrowserFactory" time="2.489" errors="0" timestamp="2021-08-17T10:07:37 EDT" skipped="0">
  <testcase classname="util.BrowserFactory" name="init" time="2.489"/>
  <system-out/>
</testsuite> <!-- util.BrowserFactory -->
